<?xml version="1.0" encoding="UTF-8"?>
<testsuite name="challenge.Submit2Test" tests="2" skipped="0" failures="0" errors="0" timestamp="2020-05-24T17:01:21" hostname="H14BU08" time="2.872">
  <properties/>
  <testcase name="getQuoteByActor" classname="challenge.Submit2Test" time="2.398"/>
  <testcase name="getQuote" classname="challenge.Submit2Test" time="0.472"/>
  <system-out><![CDATA[2020-05-24 14:01:05.058  INFO 11569 --- [    Test worker] .b.t.c.SpringBootTestContextBootstrapper : Neither @ContextConfiguration nor @ContextHierarchy found for test class [challenge.Submit2Test], using SpringBootContextLoader
2020-05-24 14:01:05.060  INFO 11569 --- [    Test worker] o.s.t.c.support.AbstractContextLoader    : Could not detect default resource locations for test class [challenge.Submit2Test]: no resource found for suffixes {-context.xml, Context.groovy}.
2020-05-24 14:01:05.061  INFO 11569 --- [    Test worker] t.c.s.AnnotationConfigContextLoaderUtils : Could not detect default configuration classes for test class [challenge.Submit2Test]: Submit2Test does not declare any static, non-private, non-final, nested classes annotated with @Configuration.
2020-05-24 14:01:05.064  INFO 11569 --- [    Test worker] .b.t.c.SpringBootTestContextBootstrapper : Found @SpringBootConfiguration challenge.Application for test class challenge.Submit2Test
2020-05-24 14:01:05.069  INFO 11569 --- [    Test worker] .b.t.c.SpringBootTestContextBootstrapper : Loaded default TestExecutionListener class names from location [META-INF/spring.factories]: [org.springframework.boot.test.autoconfigure.restdocs.RestDocsTestExecutionListener, org.springframework.boot.test.autoconfigure.web.client.MockRestServiceServerResetTestExecutionListener, org.springframework.boot.test.autoconfigure.web.servlet.MockMvcPrintOnlyOnFailureTestExecutionListener, org.springframework.boot.test.autoconfigure.web.servlet.WebDriverTestExecutionListener, org.springframework.boot.test.mock.mockito.MockitoTestExecutionListener, org.springframework.boot.test.mock.mockito.ResetMocksTestExecutionListener, org.springframework.test.context.web.ServletTestExecutionListener, org.springframework.test.context.support.DirtiesContextBeforeModesTestExecutionListener, org.springframework.test.context.support.DependencyInjectionTestExecutionListener, org.springframework.test.context.support.DirtiesContextTestExecutionListener, org.springframework.test.context.transaction.TransactionalTestExecutionListener, org.springframework.test.context.jdbc.SqlScriptsTestExecutionListener]
2020-05-24 14:01:05.070  INFO 11569 --- [    Test worker] .b.t.c.SpringBootTestContextBootstrapper : Using TestExecutionListeners: [org.springframework.test.context.web.ServletTestExecutionListener@5d118cdf, org.springframework.test.context.support.DirtiesContextBeforeModesTestExecutionListener@69802ce, org.springframework.boot.test.mock.mockito.MockitoTestExecutionListener@67028a46, org.springframework.boot.test.autoconfigure.SpringBootDependencyInjectionTestExecutionListener@5132d613, org.springframework.test.context.support.DirtiesContextTestExecutionListener@94cf9e, org.springframework.test.context.transaction.TransactionalTestExecutionListener@46dc3330, org.springframework.test.context.jdbc.SqlScriptsTestExecutionListener@357fc117, org.springframework.boot.test.autoconfigure.restdocs.RestDocsTestExecutionListener@72ba0be5, org.springframework.boot.test.autoconfigure.web.client.MockRestServiceServerResetTestExecutionListener@54f4d213, org.springframework.boot.test.autoconfigure.web.servlet.MockMvcPrintOnlyOnFailureTestExecutionListener@73963e0e, org.springframework.boot.test.autoconfigure.web.servlet.WebDriverTestExecutionListener@382a2e12, org.springframework.boot.test.mock.mockito.ResetMocksTestExecutionListener@1a6defd1]

  .   ____          _            __ _ _
 /\\ / ___'_ __ _ _(_)_ __  __ _ \ \ \ \
( ( )\___ | '_ | '_| | '_ \/ _` | \ \ \ \
 \\/  ___)| |_)| | | | | || (_| |  ) ) ) )
  '  |____| .__|_| |_|_| |_\__, | / / / /
 =========|_|==============|___/=/_/_/_/
 :: Spring Boot ::        (v2.0.3.RELEASE)

2020-05-24 14:01:05.218  INFO 11569 --- [    Test worker] challenge.Submit2Test                    : Starting Submit2Test on H14BU08 with PID 11569 (started by thiago in /home/thiago/codenation/java-5)
2020-05-24 14:01:05.219  INFO 11569 --- [    Test worker] challenge.Submit2Test                    : No active profile set, falling back to default profiles: default
2020-05-24 14:01:05.224  INFO 11569 --- [    Test worker] ConfigServletWebServerApplicationContext : Refreshing org.springframework.boot.web.servlet.context.AnnotationConfigServletWebServerApplicationContext@5e0a542e: startup date [Sun May 24 14:01:05 BRT 2020]; root of context hierarchy
2020-05-24 14:01:07.072  INFO 11569 --- [    Test worker] trationDelegate$BeanPostProcessorChecker : Bean 'org.springframework.transaction.annotation.ProxyTransactionManagementConfiguration' of type [org.springframework.transaction.annotation.ProxyTransactionManagementConfiguration$$EnhancerBySpringCGLIB$$a9dac805] is not eligible for getting processed by all BeanPostProcessors (for example: not eligible for auto-proxying)
2020-05-24 14:01:07.868  INFO 11569 --- [    Test worker] o.s.b.w.embedded.tomcat.TomcatWebServer  : Tomcat initialized with port(s): 0 (http)
2020-05-24 14:01:07.933  INFO 11569 --- [    Test worker] o.apache.catalina.core.StandardService   : Starting service [Tomcat]
2020-05-24 14:01:07.934  INFO 11569 --- [    Test worker] org.apache.catalina.core.StandardEngine  : Starting Servlet Engine: Apache Tomcat/8.5.31
2020-05-24 14:01:07.956  INFO 11569 --- [ost-startStop-1] o.a.catalina.core.AprLifecycleListener   : The APR based Apache Tomcat Native library which allows optimal performance in production environments was not found on the java.library.path: [/usr/java/packages/lib/amd64:/usr/lib64:/lib64:/lib:/usr/lib]
2020-05-24 14:01:08.539  INFO 11569 --- [ost-startStop-1] o.a.c.c.C.[Tomcat].[localhost].[/]       : Initializing Spring embedded WebApplicationContext
2020-05-24 14:01:08.540  INFO 11569 --- [ost-startStop-1] o.s.web.context.ContextLoader            : Root WebApplicationContext: initialization completed in 3316 ms
2020-05-24 14:01:08.743  INFO 11569 --- [ost-startStop-1] o.s.b.w.servlet.ServletRegistrationBean  : Servlet dispatcherServlet mapped to [/]
2020-05-24 14:01:08.749  INFO 11569 --- [ost-startStop-1] o.s.b.w.servlet.FilterRegistrationBean   : Mapping filter: 'characterEncodingFilter' to: [/*]
2020-05-24 14:01:08.750  INFO 11569 --- [ost-startStop-1] o.s.b.w.servlet.FilterRegistrationBean   : Mapping filter: 'hiddenHttpMethodFilter' to: [/*]
2020-05-24 14:01:08.751  INFO 11569 --- [ost-startStop-1] o.s.b.w.servlet.FilterRegistrationBean   : Mapping filter: 'httpPutFormContentFilter' to: [/*]
2020-05-24 14:01:08.751  INFO 11569 --- [ost-startStop-1] o.s.b.w.servlet.FilterRegistrationBean   : Mapping filter: 'requestContextFilter' to: [/*]
2020-05-24 14:01:09.074  INFO 11569 --- [    Test worker] com.zaxxer.hikari.HikariDataSource       : HikariPool-1 - Starting...
2020-05-24 14:01:09.543  INFO 11569 --- [    Test worker] com.zaxxer.hikari.HikariDataSource       : HikariPool-1 - Start completed.
2020-05-24 14:01:09.577  INFO 11569 --- [    Test worker] o.s.jdbc.datasource.init.ScriptUtils     : Executing SQL script from URL [file:/home/thiago/codenation/java-5/build/resources/main/schema.sql]
2020-05-24 14:01:09.608  INFO 11569 --- [    Test worker] o.s.jdbc.datasource.init.ScriptUtils     : Executed SQL script from URL [file:/home/thiago/codenation/java-5/build/resources/main/schema.sql] in 31 ms.
2020-05-24 14:01:09.612  INFO 11569 --- [    Test worker] o.s.jdbc.datasource.init.ScriptUtils     : Executing SQL script from URL [file:/home/thiago/codenation/java-5/build/resources/main/data.sql]
2020-05-24 14:01:13.306  INFO 11569 --- [    Test worker] o.s.jdbc.datasource.init.ScriptUtils     : Executed SQL script from URL [file:/home/thiago/codenation/java-5/build/resources/main/data.sql] in 3694 ms.
2020-05-24 14:01:14.144  INFO 11569 --- [    Test worker] j.LocalContainerEntityManagerFactoryBean : Building JPA container EntityManagerFactory for persistence unit 'default'
2020-05-24 14:01:14.512  INFO 11569 --- [    Test worker] o.hibernate.jpa.internal.util.LogHelper  : HHH000204: Processing PersistenceUnitInfo [
	name: default
	...]
2020-05-24 14:01:15.883  INFO 11569 --- [    Test worker] org.hibernate.Version                    : HHH000412: Hibernate Core {5.2.17.Final}
2020-05-24 14:01:15.886  INFO 11569 --- [    Test worker] org.hibernate.cfg.Environment            : HHH000206: hibernate.properties not found
2020-05-24 14:01:16.248  INFO 11569 --- [    Test worker] o.hibernate.annotations.common.Version   : HCANN000001: Hibernate Commons Annotations {5.0.1.Final}
2020-05-24 14:01:17.117  INFO 11569 --- [    Test worker] org.hibernate.dialect.Dialect            : HHH000400: Using dialect: org.hibernate.dialect.H2Dialect
2020-05-24 14:01:18.825  INFO 11569 --- [    Test worker] j.LocalContainerEntityManagerFactoryBean : Initialized JPA EntityManagerFactory for persistence unit 'default'
2020-05-24 14:01:20.217  INFO 11569 --- [    Test worker] o.s.w.s.handler.SimpleUrlHandlerMapping  : Mapped URL path [/**/favicon.ico] onto handler of type [class org.springframework.web.servlet.resource.ResourceHttpRequestHandler]
2020-05-24 14:01:20.697  INFO 11569 --- [    Test worker] s.w.s.m.m.a.RequestMappingHandlerAdapter : Looking for @ControllerAdvice: org.springframework.boot.web.servlet.context.AnnotationConfigServletWebServerApplicationContext@5e0a542e: startup date [Sun May 24 14:01:05 BRT 2020]; root of context hierarchy
2020-05-24 14:01:20.713  WARN 11569 --- [    Test worker] aWebConfiguration$JpaWebMvcConfiguration : spring.jpa.open-in-view is enabled by default. Therefore, database queries may be performed during view rendering. Explicitly configure spring.jpa.open-in-view to disable this warning
2020-05-24 14:01:20.805  INFO 11569 --- [    Test worker] s.w.s.m.m.a.RequestMappingHandlerMapping : Mapped "{[/v1/quote],methods=[GET]}" onto public challenge.Quote challenge.QuoteController.getQuote()
2020-05-24 14:01:20.806  INFO 11569 --- [    Test worker] s.w.s.m.m.a.RequestMappingHandlerMapping : Mapped "{[/v1/quote/{actor}],methods=[GET]}" onto public challenge.Quote challenge.QuoteController.getQuoteByActor(java.lang.String)
2020-05-24 14:01:20.810  INFO 11569 --- [    Test worker] s.w.s.m.m.a.RequestMappingHandlerMapping : Mapped "{[/error],produces=[text/html]}" onto public org.springframework.web.servlet.ModelAndView org.springframework.boot.autoconfigure.web.servlet.error.BasicErrorController.errorHtml(javax.servlet.http.HttpServletRequest,javax.servlet.http.HttpServletResponse)
2020-05-24 14:01:20.811  INFO 11569 --- [    Test worker] s.w.s.m.m.a.RequestMappingHandlerMapping : Mapped "{[/error]}" onto public org.springframework.http.ResponseEntity<java.util.Map<java.lang.String, java.lang.Object>> org.springframework.boot.autoconfigure.web.servlet.error.BasicErrorController.error(javax.servlet.http.HttpServletRequest)
2020-05-24 14:01:20.851  INFO 11569 --- [    Test worker] o.s.w.s.handler.SimpleUrlHandlerMapping  : Mapped URL path [/webjars/**] onto handler of type [class org.springframework.web.servlet.resource.ResourceHttpRequestHandler]
2020-05-24 14:01:20.852  INFO 11569 --- [    Test worker] o.s.w.s.handler.SimpleUrlHandlerMapping  : Mapped URL path [/**] onto handler of type [class org.springframework.web.servlet.resource.ResourceHttpRequestHandler]
2020-05-24 14:01:21.638  INFO 11569 --- [    Test worker] o.s.b.w.embedded.tomcat.TomcatWebServer  : Tomcat started on port(s): 40861 (http) with context path ''
2020-05-24 14:01:21.663  INFO 11569 --- [    Test worker] challenge.Submit2Test                    : Started Submit2Test in 16.566 seconds (JVM running for 27.071)
2020-05-24 14:01:22.971  INFO 11569 --- [o-auto-1-exec-1] o.a.c.c.C.[Tomcat].[localhost].[/]       : Initializing Spring FrameworkServlet 'dispatcherServlet'
2020-05-24 14:01:22.971  INFO 11569 --- [o-auto-1-exec-1] o.s.web.servlet.DispatcherServlet        : FrameworkServlet 'dispatcherServlet': initialization started
2020-05-24 14:01:22.992  INFO 11569 --- [o-auto-1-exec-1] o.s.web.servlet.DispatcherServlet        : FrameworkServlet 'dispatcherServlet': initialization completed in 21 ms
2020-05-24 14:01:23.155  INFO 11569 --- [o-auto-1-exec-1] o.h.h.i.QueryTranslatorFactoryInitiator  : HHH000397: Using ASTQueryTranslatorFactory
]]></system-out>
  <system-err><![CDATA[]]></system-err>
</testsuite>
